<?xml version="1.0" encoding="UTF-8"?>
<!-- Generated by org.testng.reporters.JUnitXMLReporter -->
<testsuite hostname="Eoins-MacBook-Pro.local" failures="9" tests="10" name="PoolTestSafari" time="551.812" errors="0" timestamp="29 Jun 2022 12:49:24 GMT">
  <testcase classname="com.browserstack.suite.SuiteTest07" name="@AfterMethod tearDown" time="0.0">
    <failure type="org.openqa.selenium.remote.UnreachableBrowserException" message="Error communicating with the remote browser. It may have died.
Build info: version: &amp;apos;3.12.0&amp;apos;, revision: &amp;apos;7c6e0b3&amp;apos;, time: &amp;apos;2018-05-08T14:04:26.12Z&amp;apos;
System info: host: &amp;apos;Eoins-MacBook-Pro.local&amp;apos;, ip: &amp;apos;fe80:0:0:0:10ca:dd1:f9f8:be54%en0&amp;apos;, os.name: &amp;apos;Mac OS X&amp;apos;, os.arch: &amp;apos;x86_64&amp;apos;, os.version: &amp;apos;11.4&amp;apos;, java.version: &amp;apos;18.0.1.1&amp;apos;
Driver info: driver.version: RemoteWebDriver
Capabilities {browserName: safari, cssSelectorsEnabled: true, javascriptEnabled: true, platform: MAC, platformName: MAC, secureSsl: true, takesScreenshot: true, version: 7.1.8, webdriver.remote.sessionid: df7a3d35acf9516131b185a8cb4...}
Session ID: df7a3d35acf9516131b185a8cb4c108b6b2b7a7f">
      <![CDATA[org.openqa.selenium.remote.UnreachableBrowserException: Error communicating with the remote browser. It may have died.
Build info: version: '3.12.0', revision: '7c6e0b3', time: '2018-05-08T14:04:26.12Z'
System info: host: 'Eoins-MacBook-Pro.local', ip: 'fe80:0:0:0:10ca:dd1:f9f8:be54%en0', os.name: 'Mac OS X', os.arch: 'x86_64', os.version: '11.4', java.version: '18.0.1.1'
Driver info: driver.version: RemoteWebDriver
Capabilities {browserName: safari, cssSelectorsEnabled: true, javascriptEnabled: true, platform: MAC, platformName: MAC, secureSsl: true, takesScreenshot: true, version: 7.1.8, webdriver.remote.sessionid: df7a3d35acf9516131b185a8cb4...}
Session ID: df7a3d35acf9516131b185a8cb4c108b6b2b7a7f
	at org.openqa.selenium.remote.RemoteWebDriver.execute(RemoteWebDriver.java:564)
	at org.openqa.selenium.remote.RemoteWebDriver.execute(RemoteWebDriver.java:600)
	at org.openqa.selenium.remote.RemoteWebDriver.quit(RemoteWebDriver.java:443)
	at com.browserstack.BrowserStackTestNGTest.tearDown(BrowserStackTestNGTest.java:73)
	at java.base/java.util.concurrent.ThreadPoolExecutor.runWorker(ThreadPoolExecutor.java:1136)
	at java.base/java.util.concurrent.ThreadPoolExecutor$Worker.run(ThreadPoolExecutor.java:635)
	at java.base/java.lang.Thread.run(Thread.java:833)
Caused by: java.lang.IllegalArgumentException: Cannot decode response content: 
	at org.openqa.selenium.remote.http.AbstractHttpResponseCodec.decode(AbstractHttpResponseCodec.java:83)
	at org.openqa.selenium.remote.http.AbstractHttpResponseCodec.decode(AbstractHttpResponseCodec.java:44)
	at org.openqa.selenium.remote.HttpCommandExecutor.execute(HttpCommandExecutor.java:158)
	at org.openqa.selenium.remote.RemoteWebDriver.execute(RemoteWebDriver.java:543)
	... 16 more
Caused by: org.openqa.selenium.json.JsonException: java.io.EOFException: End of input at line 1 column 1 path $
Build info: version: '3.12.0', revision: '7c6e0b3', time: '2018-05-08T14:04:26.12Z'
System info: host: 'Eoins-MacBook-Pro.local', ip: 'fe80:0:0:0:10ca:dd1:f9f8:be54%en0', os.name: 'Mac OS X', os.arch: 'x86_64', os.version: '11.4', java.version: '18.0.1.1'
Driver info: driver.version: RemoteWebDriver
	at org.openqa.selenium.json.JsonInput.execute(JsonInput.java:172)
	at org.openqa.selenium.json.JsonInput.peek(JsonInput.java:72)
	at org.openqa.selenium.json.JsonTypeCoercer.lambda$null$6(JsonTypeCoercer.java:136)
	at org.openqa.selenium.json.JsonTypeCoercer.coerce(JsonTypeCoercer.java:122)
	at org.openqa.selenium.json.Json.toType(Json.java:62)
	at org.openqa.selenium.json.Json.toType(Json.java:52)
	at org.openqa.selenium.remote.http.AbstractHttpResponseCodec.decode(AbstractHttpResponseCodec.java:80)
	... 19 more
Caused by: java.io.EOFException: End of input at line 1 column 1 path $
	at com.google.gson.stream.JsonReader.nextNonWhitespace(JsonReader.java:1401)
	at com.google.gson.stream.JsonReader.consumeNonExecutePrefix(JsonReader.java:1576)
	at com.google.gson.stream.JsonReader.doPeek(JsonReader.java:534)
	at com.google.gson.stream.JsonReader.peek(JsonReader.java:425)
	at org.openqa.selenium.json.JsonInput.lambda$peek$0(JsonInput.java:73)
	at org.openqa.selenium.json.JsonInput.execute(JsonInput.java:168)
	... 25 more
... Removed 10 stack frames]]>
    </failure>
  </testcase> <!-- @AfterMethod tearDown -->
  <testcase classname="com.browserstack.suite.SuiteTest08" name="@AfterMethod tearDown" time="0.0">
    <failure type="org.openqa.selenium.remote.UnreachableBrowserException" message="Error communicating with the remote browser. It may have died.
Build info: version: &amp;apos;3.12.0&amp;apos;, revision: &amp;apos;7c6e0b3&amp;apos;, time: &amp;apos;2018-05-08T14:04:26.12Z&amp;apos;
System info: host: &amp;apos;Eoins-MacBook-Pro.local&amp;apos;, ip: &amp;apos;fe80:0:0:0:10ca:dd1:f9f8:be54%en0&amp;apos;, os.name: &amp;apos;Mac OS X&amp;apos;, os.arch: &amp;apos;x86_64&amp;apos;, os.version: &amp;apos;11.4&amp;apos;, java.version: &amp;apos;18.0.1.1&amp;apos;
Driver info: driver.version: RemoteWebDriver
Capabilities {browserName: safari, cssSelectorsEnabled: true, javascriptEnabled: true, platform: MAC, platformName: MAC, secureSsl: true, takesScreenshot: true, version: 7.1.8, webdriver.remote.sessionid: fde13866f0e95a6c1d0b8678747...}
Session ID: fde13866f0e95a6c1d0b8678747ae075def45847">
      <![CDATA[org.openqa.selenium.remote.UnreachableBrowserException: Error communicating with the remote browser. It may have died.
Build info: version: '3.12.0', revision: '7c6e0b3', time: '2018-05-08T14:04:26.12Z'
System info: host: 'Eoins-MacBook-Pro.local', ip: 'fe80:0:0:0:10ca:dd1:f9f8:be54%en0', os.name: 'Mac OS X', os.arch: 'x86_64', os.version: '11.4', java.version: '18.0.1.1'
Driver info: driver.version: RemoteWebDriver
Capabilities {browserName: safari, cssSelectorsEnabled: true, javascriptEnabled: true, platform: MAC, platformName: MAC, secureSsl: true, takesScreenshot: true, version: 7.1.8, webdriver.remote.sessionid: fde13866f0e95a6c1d0b8678747...}
Session ID: fde13866f0e95a6c1d0b8678747ae075def45847
	at org.openqa.selenium.remote.RemoteWebDriver.execute(RemoteWebDriver.java:564)
	at org.openqa.selenium.remote.RemoteWebDriver.execute(RemoteWebDriver.java:600)
	at org.openqa.selenium.remote.RemoteWebDriver.quit(RemoteWebDriver.java:443)
	at com.browserstack.BrowserStackTestNGTest.tearDown(BrowserStackTestNGTest.java:73)
	at java.base/java.util.concurrent.ThreadPoolExecutor.runWorker(ThreadPoolExecutor.java:1136)
	at java.base/java.util.concurrent.ThreadPoolExecutor$Worker.run(ThreadPoolExecutor.java:635)
	at java.base/java.lang.Thread.run(Thread.java:833)
Caused by: java.lang.IllegalArgumentException: Cannot decode response content: 
	at org.openqa.selenium.remote.http.AbstractHttpResponseCodec.decode(AbstractHttpResponseCodec.java:83)
	at org.openqa.selenium.remote.http.AbstractHttpResponseCodec.decode(AbstractHttpResponseCodec.java:44)
	at org.openqa.selenium.remote.HttpCommandExecutor.execute(HttpCommandExecutor.java:158)
	at org.openqa.selenium.remote.RemoteWebDriver.execute(RemoteWebDriver.java:543)
	... 16 more
Caused by: org.openqa.selenium.json.JsonException: java.io.EOFException: End of input at line 1 column 1 path $
Build info: version: '3.12.0', revision: '7c6e0b3', time: '2018-05-08T14:04:26.12Z'
System info: host: 'Eoins-MacBook-Pro.local', ip: 'fe80:0:0:0:10ca:dd1:f9f8:be54%en0', os.name: 'Mac OS X', os.arch: 'x86_64', os.version: '11.4', java.version: '18.0.1.1'
Driver info: driver.version: RemoteWebDriver
	at org.openqa.selenium.json.JsonInput.execute(JsonInput.java:172)
	at org.openqa.selenium.json.JsonInput.peek(JsonInput.java:72)
	at org.openqa.selenium.json.JsonTypeCoercer.lambda$null$6(JsonTypeCoercer.java:136)
	at org.openqa.selenium.json.JsonTypeCoercer.coerce(JsonTypeCoercer.java:122)
	at org.openqa.selenium.json.Json.toType(Json.java:62)
	at org.openqa.selenium.json.Json.toType(Json.java:52)
	at org.openqa.selenium.remote.http.AbstractHttpResponseCodec.decode(AbstractHttpResponseCodec.java:80)
	... 19 more
Caused by: java.io.EOFException: End of input at line 1 column 1 path $
	at com.google.gson.stream.JsonReader.nextNonWhitespace(JsonReader.java:1401)
	at com.google.gson.stream.JsonReader.consumeNonExecutePrefix(JsonReader.java:1576)
	at com.google.gson.stream.JsonReader.doPeek(JsonReader.java:534)
	at com.google.gson.stream.JsonReader.peek(JsonReader.java:425)
	at org.openqa.selenium.json.JsonInput.lambda$peek$0(JsonInput.java:73)
	at org.openqa.selenium.json.JsonInput.execute(JsonInput.java:168)
	... 25 more
... Removed 10 stack frames]]>
    </failure>
  </testcase> <!-- @AfterMethod tearDown -->
  <testcase classname="com.browserstack.suite.SuiteTest09" name="@AfterMethod tearDown" time="0.0">
    <failure type="org.openqa.selenium.remote.UnreachableBrowserException" message="Error communicating with the remote browser. It may have died.
Build info: version: &amp;apos;3.12.0&amp;apos;, revision: &amp;apos;7c6e0b3&amp;apos;, time: &amp;apos;2018-05-08T14:04:26.12Z&amp;apos;
System info: host: &amp;apos;Eoins-MacBook-Pro.local&amp;apos;, ip: &amp;apos;fe80:0:0:0:10ca:dd1:f9f8:be54%en0&amp;apos;, os.name: &amp;apos;Mac OS X&amp;apos;, os.arch: &amp;apos;x86_64&amp;apos;, os.version: &amp;apos;11.4&amp;apos;, java.version: &amp;apos;18.0.1.1&amp;apos;
Driver info: driver.version: RemoteWebDriver
Capabilities {browserName: safari, cssSelectorsEnabled: true, javascriptEnabled: true, platform: MAC, platformName: MAC, secureSsl: true, takesScreenshot: true, version: 7.1.8, webdriver.remote.sessionid: b2d3b7ef7a61a7f95a44a663e29...}
Session ID: b2d3b7ef7a61a7f95a44a663e29fd21c8254ebc6">
      <![CDATA[org.openqa.selenium.remote.UnreachableBrowserException: Error communicating with the remote browser. It may have died.
Build info: version: '3.12.0', revision: '7c6e0b3', time: '2018-05-08T14:04:26.12Z'
System info: host: 'Eoins-MacBook-Pro.local', ip: 'fe80:0:0:0:10ca:dd1:f9f8:be54%en0', os.name: 'Mac OS X', os.arch: 'x86_64', os.version: '11.4', java.version: '18.0.1.1'
Driver info: driver.version: RemoteWebDriver
Capabilities {browserName: safari, cssSelectorsEnabled: true, javascriptEnabled: true, platform: MAC, platformName: MAC, secureSsl: true, takesScreenshot: true, version: 7.1.8, webdriver.remote.sessionid: b2d3b7ef7a61a7f95a44a663e29...}
Session ID: b2d3b7ef7a61a7f95a44a663e29fd21c8254ebc6
	at org.openqa.selenium.remote.RemoteWebDriver.execute(RemoteWebDriver.java:564)
	at org.openqa.selenium.remote.RemoteWebDriver.execute(RemoteWebDriver.java:600)
	at org.openqa.selenium.remote.RemoteWebDriver.quit(RemoteWebDriver.java:443)
	at com.browserstack.BrowserStackTestNGTest.tearDown(BrowserStackTestNGTest.java:73)
	at java.base/java.util.concurrent.ThreadPoolExecutor.runWorker(ThreadPoolExecutor.java:1136)
	at java.base/java.util.concurrent.ThreadPoolExecutor$Worker.run(ThreadPoolExecutor.java:635)
	at java.base/java.lang.Thread.run(Thread.java:833)
Caused by: java.lang.IllegalArgumentException: Cannot decode response content: 
	at org.openqa.selenium.remote.http.AbstractHttpResponseCodec.decode(AbstractHttpResponseCodec.java:83)
	at org.openqa.selenium.remote.http.AbstractHttpResponseCodec.decode(AbstractHttpResponseCodec.java:44)
	at org.openqa.selenium.remote.HttpCommandExecutor.execute(HttpCommandExecutor.java:158)
	at org.openqa.selenium.remote.RemoteWebDriver.execute(RemoteWebDriver.java:543)
	... 16 more
Caused by: org.openqa.selenium.json.JsonException: java.io.EOFException: End of input at line 1 column 1 path $
Build info: version: '3.12.0', revision: '7c6e0b3', time: '2018-05-08T14:04:26.12Z'
System info: host: 'Eoins-MacBook-Pro.local', ip: 'fe80:0:0:0:10ca:dd1:f9f8:be54%en0', os.name: 'Mac OS X', os.arch: 'x86_64', os.version: '11.4', java.version: '18.0.1.1'
Driver info: driver.version: RemoteWebDriver
	at org.openqa.selenium.json.JsonInput.execute(JsonInput.java:172)
	at org.openqa.selenium.json.JsonInput.peek(JsonInput.java:72)
	at org.openqa.selenium.json.JsonTypeCoercer.lambda$null$6(JsonTypeCoercer.java:136)
	at org.openqa.selenium.json.JsonTypeCoercer.coerce(JsonTypeCoercer.java:122)
	at org.openqa.selenium.json.Json.toType(Json.java:62)
	at org.openqa.selenium.json.Json.toType(Json.java:52)
	at org.openqa.selenium.remote.http.AbstractHttpResponseCodec.decode(AbstractHttpResponseCodec.java:80)
	... 19 more
Caused by: java.io.EOFException: End of input at line 1 column 1 path $
	at com.google.gson.stream.JsonReader.nextNonWhitespace(JsonReader.java:1401)
	at com.google.gson.stream.JsonReader.consumeNonExecutePrefix(JsonReader.java:1576)
	at com.google.gson.stream.JsonReader.doPeek(JsonReader.java:534)
	at com.google.gson.stream.JsonReader.peek(JsonReader.java:425)
	at org.openqa.selenium.json.JsonInput.lambda$peek$0(JsonInput.java:73)
	at org.openqa.selenium.json.JsonInput.execute(JsonInput.java:168)
	... 25 more
... Removed 10 stack frames]]>
    </failure>
  </testcase> <!-- @AfterMethod tearDown -->
  <testcase classname="com.browserstack.suite.SuiteTest01" name="test_01" time="200.425">
    <failure type="org.openqa.selenium.WebDriverException" message="Error communicating with the remote browser. It may have died.
Build info: version: &amp;apos;2.52.0&amp;apos;, revision: &amp;apos;4c2593c&amp;apos;, time: &amp;apos;2016-02-11 19:06:42&amp;apos;
System info: host: &amp;apos;mac-10-144-208-231.browserstack.com&amp;apos;, ip: &amp;apos;10.144.208.231&amp;apos;, os.name: &amp;apos;Mac OS X&amp;apos;, os.arch: &amp;apos;x86_64&amp;apos;, os.version: &amp;apos;10.9.5&amp;apos;, java.version: &amp;apos;1.8.0_51&amp;apos;
Driver info: driver.version: EventFiringWebDriver
Capabilities [{browserName=safari, takesScreenshot=true, javascriptEnabled=true, version=7.1.8, cssSelectorsEnabled=true, platform=MAC, secureSsl=true}]
Session ID: null (WARNING: The server did not provide any stacktrace information)
Command duration or timeout: 0 milliseconds
Build info: version: &amp;apos;3.12.0&amp;apos;, revision: &amp;apos;7c6e0b3&amp;apos;, time: &amp;apos;2018-05-08T14:04:26.12Z&amp;apos;
System info: host: &amp;apos;Eoins-MacBook-Pro.local&amp;apos;, ip: &amp;apos;fe80:0:0:0:10ca:dd1:f9f8:be54%en0&amp;apos;, os.name: &amp;apos;Mac OS X&amp;apos;, os.arch: &amp;apos;x86_64&amp;apos;, os.version: &amp;apos;11.4&amp;apos;, java.version: &amp;apos;18.0.1.1&amp;apos;
Driver info: org.openqa.selenium.remote.RemoteWebDriver
Capabilities {browserName: safari, cssSelectorsEnabled: true, javascriptEnabled: true, platform: MAC, platformName: MAC, secureSsl: true, takesScreenshot: true, version: 7.1.8, webdriver.remote.sessionid: 5b940ecf85cce11e77cfe2cc82a...}
Session ID: 5b940ecf85cce11e77cfe2cc82ab494a6516eace">
      <![CDATA[org.openqa.selenium.WebDriverException: Error communicating with the remote browser. It may have died.
Build info: version: '2.52.0', revision: '4c2593c', time: '2016-02-11 19:06:42'
System info: host: 'mac-10-144-208-231.browserstack.com', ip: '10.144.208.231', os.name: 'Mac OS X', os.arch: 'x86_64', os.version: '10.9.5', java.version: '1.8.0_51'
Driver info: driver.version: EventFiringWebDriver
Capabilities [{browserName=safari, takesScreenshot=true, javascriptEnabled=true, version=7.1.8, cssSelectorsEnabled=true, platform=MAC, secureSsl=true}]
Session ID: null (WARNING: The server did not provide any stacktrace information)
Command duration or timeout: 0 milliseconds
Build info: version: '3.12.0', revision: '7c6e0b3', time: '2018-05-08T14:04:26.12Z'
System info: host: 'Eoins-MacBook-Pro.local', ip: 'fe80:0:0:0:10ca:dd1:f9f8:be54%en0', os.name: 'Mac OS X', os.arch: 'x86_64', os.version: '11.4', java.version: '18.0.1.1'
Driver info: org.openqa.selenium.remote.RemoteWebDriver
Capabilities {browserName: safari, cssSelectorsEnabled: true, javascriptEnabled: true, platform: MAC, platformName: MAC, secureSsl: true, takesScreenshot: true, version: 7.1.8, webdriver.remote.sessionid: 5b940ecf85cce11e77cfe2cc82a...}
Session ID: 5b940ecf85cce11e77cfe2cc82ab494a6516eace
	at org.openqa.selenium.remote.ErrorHandler.createThrowable(ErrorHandler.java:214)
	at org.openqa.selenium.remote.ErrorHandler.throwIfResponseFailed(ErrorHandler.java:166)
	at org.openqa.selenium.remote.http.JsonHttpResponseCodec.reconstructValue(JsonHttpResponseCodec.java:40)
	at org.openqa.selenium.remote.http.AbstractHttpResponseCodec.decode(AbstractHttpResponseCodec.java:80)
	at org.openqa.selenium.remote.http.AbstractHttpResponseCodec.decode(AbstractHttpResponseCodec.java:44)
	at org.openqa.selenium.remote.HttpCommandExecutor.execute(HttpCommandExecutor.java:158)
	at org.openqa.selenium.remote.RemoteWebDriver.execute(RemoteWebDriver.java:543)
	at org.openqa.selenium.remote.RemoteWebDriver.execute(RemoteWebDriver.java:600)
	at org.openqa.selenium.remote.RemoteWebDriver.getTitle(RemoteWebDriver.java:275)
	at com.browserstack.suite.SuiteTest01.test_01(SuiteTest01.java:19)
	at java.base/java.util.concurrent.ThreadPoolExecutor.runWorker(ThreadPoolExecutor.java:1136)
	at java.base/java.util.concurrent.ThreadPoolExecutor$Worker.run(ThreadPoolExecutor.java:635)
	at java.base/java.lang.Thread.run(Thread.java:833)
... Removed 11 stack frames]]>
    </failure>
  </testcase> <!-- test_01 -->
  <testcase classname="com.browserstack.suite.SuiteTest02" name="test_02" time="200.459">
    <failure type="org.openqa.selenium.WebDriverException" message="Error communicating with the remote browser. It may have died.
Build info: version: &amp;apos;2.52.0&amp;apos;, revision: &amp;apos;4c2593c&amp;apos;, time: &amp;apos;2016-02-11 19:06:42&amp;apos;
System info: host: &amp;apos;mac-10-144-208-224.browserstack.com&amp;apos;, ip: &amp;apos;10.144.208.224&amp;apos;, os.name: &amp;apos;Mac OS X&amp;apos;, os.arch: &amp;apos;x86_64&amp;apos;, os.version: &amp;apos;10.9.5&amp;apos;, java.version: &amp;apos;1.8.0_51&amp;apos;
Driver info: driver.version: EventFiringWebDriver
Capabilities [{browserName=safari, takesScreenshot=true, javascriptEnabled=true, version=7.1.8, cssSelectorsEnabled=true, platform=MAC, secureSsl=true}]
Session ID: null (WARNING: The server did not provide any stacktrace information)
Command duration or timeout: 0 milliseconds
Build info: version: &amp;apos;3.12.0&amp;apos;, revision: &amp;apos;7c6e0b3&amp;apos;, time: &amp;apos;2018-05-08T14:04:26.12Z&amp;apos;
System info: host: &amp;apos;Eoins-MacBook-Pro.local&amp;apos;, ip: &amp;apos;fe80:0:0:0:10ca:dd1:f9f8:be54%en0&amp;apos;, os.name: &amp;apos;Mac OS X&amp;apos;, os.arch: &amp;apos;x86_64&amp;apos;, os.version: &amp;apos;11.4&amp;apos;, java.version: &amp;apos;18.0.1.1&amp;apos;
Driver info: org.openqa.selenium.remote.RemoteWebDriver
Capabilities {browserName: safari, cssSelectorsEnabled: true, javascriptEnabled: true, platform: MAC, platformName: MAC, secureSsl: true, takesScreenshot: true, version: 7.1.8, webdriver.remote.sessionid: f85eee9b3f8c496077498a1163d...}
Session ID: f85eee9b3f8c496077498a1163d48d2c7a24e552">
      <![CDATA[org.openqa.selenium.WebDriverException: Error communicating with the remote browser. It may have died.
Build info: version: '2.52.0', revision: '4c2593c', time: '2016-02-11 19:06:42'
System info: host: 'mac-10-144-208-224.browserstack.com', ip: '10.144.208.224', os.name: 'Mac OS X', os.arch: 'x86_64', os.version: '10.9.5', java.version: '1.8.0_51'
Driver info: driver.version: EventFiringWebDriver
Capabilities [{browserName=safari, takesScreenshot=true, javascriptEnabled=true, version=7.1.8, cssSelectorsEnabled=true, platform=MAC, secureSsl=true}]
Session ID: null (WARNING: The server did not provide any stacktrace information)
Command duration or timeout: 0 milliseconds
Build info: version: '3.12.0', revision: '7c6e0b3', time: '2018-05-08T14:04:26.12Z'
System info: host: 'Eoins-MacBook-Pro.local', ip: 'fe80:0:0:0:10ca:dd1:f9f8:be54%en0', os.name: 'Mac OS X', os.arch: 'x86_64', os.version: '11.4', java.version: '18.0.1.1'
Driver info: org.openqa.selenium.remote.RemoteWebDriver
Capabilities {browserName: safari, cssSelectorsEnabled: true, javascriptEnabled: true, platform: MAC, platformName: MAC, secureSsl: true, takesScreenshot: true, version: 7.1.8, webdriver.remote.sessionid: f85eee9b3f8c496077498a1163d...}
Session ID: f85eee9b3f8c496077498a1163d48d2c7a24e552
	at org.openqa.selenium.remote.ErrorHandler.createThrowable(ErrorHandler.java:214)
	at org.openqa.selenium.remote.ErrorHandler.throwIfResponseFailed(ErrorHandler.java:166)
	at org.openqa.selenium.remote.http.JsonHttpResponseCodec.reconstructValue(JsonHttpResponseCodec.java:40)
	at org.openqa.selenium.remote.http.AbstractHttpResponseCodec.decode(AbstractHttpResponseCodec.java:80)
	at org.openqa.selenium.remote.http.AbstractHttpResponseCodec.decode(AbstractHttpResponseCodec.java:44)
	at org.openqa.selenium.remote.HttpCommandExecutor.execute(HttpCommandExecutor.java:158)
	at org.openqa.selenium.remote.RemoteWebDriver.execute(RemoteWebDriver.java:543)
	at org.openqa.selenium.remote.RemoteWebDriver.execute(RemoteWebDriver.java:600)
	at org.openqa.selenium.remote.RemoteWebDriver.getTitle(RemoteWebDriver.java:275)
	at com.browserstack.suite.SuiteTest02.test_02(SuiteTest02.java:19)
	at java.base/java.util.concurrent.ThreadPoolExecutor.runWorker(ThreadPoolExecutor.java:1136)
	at java.base/java.util.concurrent.ThreadPoolExecutor$Worker.run(ThreadPoolExecutor.java:635)
	at java.base/java.lang.Thread.run(Thread.java:833)
... Removed 11 stack frames]]>
    </failure>
  </testcase> <!-- test_02 -->
  <testcase classname="com.browserstack.suite.SuiteTest03" name="test_03" time="200.312">
    <failure type="org.openqa.selenium.WebDriverException" message="Error communicating with the remote browser. It may have died.
Build info: version: &amp;apos;2.52.0&amp;apos;, revision: &amp;apos;4c2593c&amp;apos;, time: &amp;apos;2016-02-11 19:06:42&amp;apos;
System info: host: &amp;apos;mac-10-144-209-32.browserstack.com&amp;apos;, ip: &amp;apos;10.144.209.32&amp;apos;, os.name: &amp;apos;Mac OS X&amp;apos;, os.arch: &amp;apos;x86_64&amp;apos;, os.version: &amp;apos;10.7.5&amp;apos;, java.version: &amp;apos;1.8.0_51&amp;apos;
Driver info: driver.version: EventFiringWebDriver
Capabilities [{browserName=safari, takesScreenshot=true, javascriptEnabled=true, version=6.0.5, cssSelectorsEnabled=true, platform=MAC, secureSsl=true}]
Session ID: null (WARNING: The server did not provide any stacktrace information)
Command duration or timeout: 0 milliseconds
Build info: version: &amp;apos;3.12.0&amp;apos;, revision: &amp;apos;7c6e0b3&amp;apos;, time: &amp;apos;2018-05-08T14:04:26.12Z&amp;apos;
System info: host: &amp;apos;Eoins-MacBook-Pro.local&amp;apos;, ip: &amp;apos;fe80:0:0:0:10ca:dd1:f9f8:be54%en0&amp;apos;, os.name: &amp;apos;Mac OS X&amp;apos;, os.arch: &amp;apos;x86_64&amp;apos;, os.version: &amp;apos;11.4&amp;apos;, java.version: &amp;apos;18.0.1.1&amp;apos;
Driver info: org.openqa.selenium.remote.RemoteWebDriver
Capabilities {browserName: safari, cssSelectorsEnabled: true, javascriptEnabled: true, platform: MAC, platformName: MAC, secureSsl: true, takesScreenshot: true, version: 6.0.5, webdriver.remote.sessionid: 4c619fb3a64b0d1412bf56cecfc...}
Session ID: 4c619fb3a64b0d1412bf56cecfcf223cd8dbbedf">
      <![CDATA[org.openqa.selenium.WebDriverException: Error communicating with the remote browser. It may have died.
Build info: version: '2.52.0', revision: '4c2593c', time: '2016-02-11 19:06:42'
System info: host: 'mac-10-144-209-32.browserstack.com', ip: '10.144.209.32', os.name: 'Mac OS X', os.arch: 'x86_64', os.version: '10.7.5', java.version: '1.8.0_51'
Driver info: driver.version: EventFiringWebDriver
Capabilities [{browserName=safari, takesScreenshot=true, javascriptEnabled=true, version=6.0.5, cssSelectorsEnabled=true, platform=MAC, secureSsl=true}]
Session ID: null (WARNING: The server did not provide any stacktrace information)
Command duration or timeout: 0 milliseconds
Build info: version: '3.12.0', revision: '7c6e0b3', time: '2018-05-08T14:04:26.12Z'
System info: host: 'Eoins-MacBook-Pro.local', ip: 'fe80:0:0:0:10ca:dd1:f9f8:be54%en0', os.name: 'Mac OS X', os.arch: 'x86_64', os.version: '11.4', java.version: '18.0.1.1'
Driver info: org.openqa.selenium.remote.RemoteWebDriver
Capabilities {browserName: safari, cssSelectorsEnabled: true, javascriptEnabled: true, platform: MAC, platformName: MAC, secureSsl: true, takesScreenshot: true, version: 6.0.5, webdriver.remote.sessionid: 4c619fb3a64b0d1412bf56cecfc...}
Session ID: 4c619fb3a64b0d1412bf56cecfcf223cd8dbbedf
	at org.openqa.selenium.remote.ErrorHandler.createThrowable(ErrorHandler.java:214)
	at org.openqa.selenium.remote.ErrorHandler.throwIfResponseFailed(ErrorHandler.java:166)
	at org.openqa.selenium.remote.http.JsonHttpResponseCodec.reconstructValue(JsonHttpResponseCodec.java:40)
	at org.openqa.selenium.remote.http.AbstractHttpResponseCodec.decode(AbstractHttpResponseCodec.java:80)
	at org.openqa.selenium.remote.http.AbstractHttpResponseCodec.decode(AbstractHttpResponseCodec.java:44)
	at org.openqa.selenium.remote.HttpCommandExecutor.execute(HttpCommandExecutor.java:158)
	at org.openqa.selenium.remote.RemoteWebDriver.execute(RemoteWebDriver.java:543)
	at org.openqa.selenium.remote.RemoteWebDriver.execute(RemoteWebDriver.java:600)
	at org.openqa.selenium.remote.RemoteWebDriver.getTitle(RemoteWebDriver.java:275)
	at com.browserstack.suite.SuiteTest03.test_03(SuiteTest03.java:19)
	at java.base/java.util.concurrent.ThreadPoolExecutor.runWorker(ThreadPoolExecutor.java:1136)
	at java.base/java.util.concurrent.ThreadPoolExecutor$Worker.run(ThreadPoolExecutor.java:635)
	at java.base/java.lang.Thread.run(Thread.java:833)
... Removed 11 stack frames]]>
    </failure>
  </testcase> <!-- test_03 -->
  <testcase classname="com.browserstack.suite.SuiteTest04" name="test_04" time="200.288">
    <failure type="org.openqa.selenium.WebDriverException" message="Error communicating with the remote browser. It may have died.
Build info: version: &amp;apos;2.52.0&amp;apos;, revision: &amp;apos;4c2593c&amp;apos;, time: &amp;apos;2016-02-11 19:06:42&amp;apos;
System info: host: &amp;apos;mac-10-144-208-234.browserstack.com&amp;apos;, ip: &amp;apos;10.144.208.234&amp;apos;, os.name: &amp;apos;Mac OS X&amp;apos;, os.arch: &amp;apos;x86_64&amp;apos;, os.version: &amp;apos;10.8.5&amp;apos;, java.version: &amp;apos;1.8.0_51&amp;apos;
Driver info: driver.version: EventFiringWebDriver
Capabilities [{browserName=safari, takesScreenshot=true, javascriptEnabled=true, version=6.2.8, cssSelectorsEnabled=true, platform=MAC, secureSsl=true}]
Session ID: null (WARNING: The server did not provide any stacktrace information)
Command duration or timeout: 0 milliseconds
Build info: version: &amp;apos;3.12.0&amp;apos;, revision: &amp;apos;7c6e0b3&amp;apos;, time: &amp;apos;2018-05-08T14:04:26.12Z&amp;apos;
System info: host: &amp;apos;Eoins-MacBook-Pro.local&amp;apos;, ip: &amp;apos;fe80:0:0:0:10ca:dd1:f9f8:be54%en0&amp;apos;, os.name: &amp;apos;Mac OS X&amp;apos;, os.arch: &amp;apos;x86_64&amp;apos;, os.version: &amp;apos;11.4&amp;apos;, java.version: &amp;apos;18.0.1.1&amp;apos;
Driver info: org.openqa.selenium.remote.RemoteWebDriver
Capabilities {browserName: safari, cssSelectorsEnabled: true, javascriptEnabled: true, platform: MAC, platformName: MAC, secureSsl: true, takesScreenshot: true, version: 6.2.8, webdriver.remote.sessionid: c1ff2009dd1830b0c15a3e6e0c6...}
Session ID: c1ff2009dd1830b0c15a3e6e0c60a76d4f5ee206">
      <![CDATA[org.openqa.selenium.WebDriverException: Error communicating with the remote browser. It may have died.
Build info: version: '2.52.0', revision: '4c2593c', time: '2016-02-11 19:06:42'
System info: host: 'mac-10-144-208-234.browserstack.com', ip: '10.144.208.234', os.name: 'Mac OS X', os.arch: 'x86_64', os.version: '10.8.5', java.version: '1.8.0_51'
Driver info: driver.version: EventFiringWebDriver
Capabilities [{browserName=safari, takesScreenshot=true, javascriptEnabled=true, version=6.2.8, cssSelectorsEnabled=true, platform=MAC, secureSsl=true}]
Session ID: null (WARNING: The server did not provide any stacktrace information)
Command duration or timeout: 0 milliseconds
Build info: version: '3.12.0', revision: '7c6e0b3', time: '2018-05-08T14:04:26.12Z'
System info: host: 'Eoins-MacBook-Pro.local', ip: 'fe80:0:0:0:10ca:dd1:f9f8:be54%en0', os.name: 'Mac OS X', os.arch: 'x86_64', os.version: '11.4', java.version: '18.0.1.1'
Driver info: org.openqa.selenium.remote.RemoteWebDriver
Capabilities {browserName: safari, cssSelectorsEnabled: true, javascriptEnabled: true, platform: MAC, platformName: MAC, secureSsl: true, takesScreenshot: true, version: 6.2.8, webdriver.remote.sessionid: c1ff2009dd1830b0c15a3e6e0c6...}
Session ID: c1ff2009dd1830b0c15a3e6e0c60a76d4f5ee206
	at org.openqa.selenium.remote.ErrorHandler.createThrowable(ErrorHandler.java:214)
	at org.openqa.selenium.remote.ErrorHandler.throwIfResponseFailed(ErrorHandler.java:166)
	at org.openqa.selenium.remote.http.JsonHttpResponseCodec.reconstructValue(JsonHttpResponseCodec.java:40)
	at org.openqa.selenium.remote.http.AbstractHttpResponseCodec.decode(AbstractHttpResponseCodec.java:80)
	at org.openqa.selenium.remote.http.AbstractHttpResponseCodec.decode(AbstractHttpResponseCodec.java:44)
	at org.openqa.selenium.remote.HttpCommandExecutor.execute(HttpCommandExecutor.java:158)
	at org.openqa.selenium.remote.RemoteWebDriver.execute(RemoteWebDriver.java:543)
	at org.openqa.selenium.remote.RemoteWebDriver.execute(RemoteWebDriver.java:600)
	at org.openqa.selenium.remote.RemoteWebDriver.getTitle(RemoteWebDriver.java:275)
	at com.browserstack.suite.SuiteTest04.test_04(SuiteTest04.java:19)
	at java.base/java.util.concurrent.ThreadPoolExecutor.runWorker(ThreadPoolExecutor.java:1136)
	at java.base/java.util.concurrent.ThreadPoolExecutor$Worker.run(ThreadPoolExecutor.java:635)
	at java.base/java.lang.Thread.run(Thread.java:833)
... Removed 11 stack frames]]>
    </failure>
  </testcase> <!-- test_04 -->
  <testcase classname="com.browserstack.suite.SuiteTest05" name="test_05" time="200.414">
    <failure type="org.openqa.selenium.WebDriverException" message="Error communicating with the remote browser. It may have died.
Build info: version: &amp;apos;2.52.0&amp;apos;, revision: &amp;apos;4c2593c&amp;apos;, time: &amp;apos;2016-02-11 19:06:42&amp;apos;
System info: host: &amp;apos;mac-10-144-208-252.browserstack.com&amp;apos;, ip: &amp;apos;10.144.208.252&amp;apos;, os.name: &amp;apos;Mac OS X&amp;apos;, os.arch: &amp;apos;x86_64&amp;apos;, os.version: &amp;apos;10.9.5&amp;apos;, java.version: &amp;apos;1.8.0_51&amp;apos;
Driver info: driver.version: EventFiringWebDriver
Capabilities [{browserName=safari, takesScreenshot=true, javascriptEnabled=true, version=7.1.8, cssSelectorsEnabled=true, platform=MAC, secureSsl=true}]
Session ID: null (WARNING: The server did not provide any stacktrace information)
Command duration or timeout: 0 milliseconds
Build info: version: &amp;apos;3.12.0&amp;apos;, revision: &amp;apos;7c6e0b3&amp;apos;, time: &amp;apos;2018-05-08T14:04:26.12Z&amp;apos;
System info: host: &amp;apos;Eoins-MacBook-Pro.local&amp;apos;, ip: &amp;apos;fe80:0:0:0:10ca:dd1:f9f8:be54%en0&amp;apos;, os.name: &amp;apos;Mac OS X&amp;apos;, os.arch: &amp;apos;x86_64&amp;apos;, os.version: &amp;apos;11.4&amp;apos;, java.version: &amp;apos;18.0.1.1&amp;apos;
Driver info: org.openqa.selenium.remote.RemoteWebDriver
Capabilities {browserName: safari, cssSelectorsEnabled: true, javascriptEnabled: true, platform: MAC, platformName: MAC, secureSsl: true, takesScreenshot: true, version: 7.1.8, webdriver.remote.sessionid: dfd6a367202ef4b6553824c4196...}
Session ID: dfd6a367202ef4b6553824c41960473b2b418d00">
      <![CDATA[org.openqa.selenium.WebDriverException: Error communicating with the remote browser. It may have died.
Build info: version: '2.52.0', revision: '4c2593c', time: '2016-02-11 19:06:42'
System info: host: 'mac-10-144-208-252.browserstack.com', ip: '10.144.208.252', os.name: 'Mac OS X', os.arch: 'x86_64', os.version: '10.9.5', java.version: '1.8.0_51'
Driver info: driver.version: EventFiringWebDriver
Capabilities [{browserName=safari, takesScreenshot=true, javascriptEnabled=true, version=7.1.8, cssSelectorsEnabled=true, platform=MAC, secureSsl=true}]
Session ID: null (WARNING: The server did not provide any stacktrace information)
Command duration or timeout: 0 milliseconds
Build info: version: '3.12.0', revision: '7c6e0b3', time: '2018-05-08T14:04:26.12Z'
System info: host: 'Eoins-MacBook-Pro.local', ip: 'fe80:0:0:0:10ca:dd1:f9f8:be54%en0', os.name: 'Mac OS X', os.arch: 'x86_64', os.version: '11.4', java.version: '18.0.1.1'
Driver info: org.openqa.selenium.remote.RemoteWebDriver
Capabilities {browserName: safari, cssSelectorsEnabled: true, javascriptEnabled: true, platform: MAC, platformName: MAC, secureSsl: true, takesScreenshot: true, version: 7.1.8, webdriver.remote.sessionid: dfd6a367202ef4b6553824c4196...}
Session ID: dfd6a367202ef4b6553824c41960473b2b418d00
	at org.openqa.selenium.remote.ErrorHandler.createThrowable(ErrorHandler.java:214)
	at org.openqa.selenium.remote.ErrorHandler.throwIfResponseFailed(ErrorHandler.java:166)
	at org.openqa.selenium.remote.http.JsonHttpResponseCodec.reconstructValue(JsonHttpResponseCodec.java:40)
	at org.openqa.selenium.remote.http.AbstractHttpResponseCodec.decode(AbstractHttpResponseCodec.java:80)
	at org.openqa.selenium.remote.http.AbstractHttpResponseCodec.decode(AbstractHttpResponseCodec.java:44)
	at org.openqa.selenium.remote.HttpCommandExecutor.execute(HttpCommandExecutor.java:158)
	at org.openqa.selenium.remote.RemoteWebDriver.execute(RemoteWebDriver.java:543)
	at org.openqa.selenium.remote.RemoteWebDriver.execute(RemoteWebDriver.java:600)
	at org.openqa.selenium.remote.RemoteWebDriver.getTitle(RemoteWebDriver.java:275)
	at com.browserstack.suite.SuiteTest05.test_05(SuiteTest05.java:19)
	at java.base/java.util.concurrent.ThreadPoolExecutor.runWorker(ThreadPoolExecutor.java:1136)
	at java.base/java.util.concurrent.ThreadPoolExecutor$Worker.run(ThreadPoolExecutor.java:635)
	at java.base/java.lang.Thread.run(Thread.java:833)
... Removed 11 stack frames]]>
    </failure>
  </testcase> <!-- test_05 -->
  <testcase classname="com.browserstack.suite.SuiteTest06" name="test_06" time="200.302">
    <failure type="org.openqa.selenium.WebDriverException" message="Error communicating with the remote browser. It may have died.
Build info: version: &amp;apos;2.45.0&amp;apos;, revision: &amp;apos;5017cb8&amp;apos;, time: &amp;apos;2015-02-26 23:59:50&amp;apos;
System info: host: &amp;apos;mac-10-144-208-152.browserstack.com&amp;apos;, ip: &amp;apos;10.144.208.152&amp;apos;, os.name: &amp;apos;Mac OS X&amp;apos;, os.arch: &amp;apos;x86_64&amp;apos;, os.version: &amp;apos;10.6.8&amp;apos;, java.version: &amp;apos;1.6.0_65&amp;apos;
Driver info: driver.version: EventFiringWebDriver (WARNING: The server did not provide any stacktrace information)
Command duration or timeout: 0 milliseconds
Build info: version: &amp;apos;3.12.0&amp;apos;, revision: &amp;apos;7c6e0b3&amp;apos;, time: &amp;apos;2018-05-08T14:04:26.12Z&amp;apos;
System info: host: &amp;apos;Eoins-MacBook-Pro.local&amp;apos;, ip: &amp;apos;fe80:0:0:0:10ca:dd1:f9f8:be54%en0&amp;apos;, os.name: &amp;apos;Mac OS X&amp;apos;, os.arch: &amp;apos;x86_64&amp;apos;, os.version: &amp;apos;11.4&amp;apos;, java.version: &amp;apos;18.0.1.1&amp;apos;
Driver info: org.openqa.selenium.remote.RemoteWebDriver
Capabilities {browserName: safari, cssSelectorsEnabled: true, javascriptEnabled: true, platform: MAC, platformName: MAC, secureSsl: true, takesScreenshot: true, version: 5.1.9, webdriver.remote.sessionid: eee3edc42caee5e006ec78c95d8...}
Session ID: eee3edc42caee5e006ec78c95d8c522ad8bc6061">
      <![CDATA[org.openqa.selenium.WebDriverException: Error communicating with the remote browser. It may have died.
Build info: version: '2.45.0', revision: '5017cb8', time: '2015-02-26 23:59:50'
System info: host: 'mac-10-144-208-152.browserstack.com', ip: '10.144.208.152', os.name: 'Mac OS X', os.arch: 'x86_64', os.version: '10.6.8', java.version: '1.6.0_65'
Driver info: driver.version: EventFiringWebDriver (WARNING: The server did not provide any stacktrace information)
Command duration or timeout: 0 milliseconds
Build info: version: '3.12.0', revision: '7c6e0b3', time: '2018-05-08T14:04:26.12Z'
System info: host: 'Eoins-MacBook-Pro.local', ip: 'fe80:0:0:0:10ca:dd1:f9f8:be54%en0', os.name: 'Mac OS X', os.arch: 'x86_64', os.version: '11.4', java.version: '18.0.1.1'
Driver info: org.openqa.selenium.remote.RemoteWebDriver
Capabilities {browserName: safari, cssSelectorsEnabled: true, javascriptEnabled: true, platform: MAC, platformName: MAC, secureSsl: true, takesScreenshot: true, version: 5.1.9, webdriver.remote.sessionid: eee3edc42caee5e006ec78c95d8...}
Session ID: eee3edc42caee5e006ec78c95d8c522ad8bc6061
	at org.openqa.selenium.remote.ErrorHandler.createThrowable(ErrorHandler.java:214)
	at org.openqa.selenium.remote.ErrorHandler.throwIfResponseFailed(ErrorHandler.java:166)
	at org.openqa.selenium.remote.http.JsonHttpResponseCodec.reconstructValue(JsonHttpResponseCodec.java:40)
	at org.openqa.selenium.remote.http.AbstractHttpResponseCodec.decode(AbstractHttpResponseCodec.java:80)
	at org.openqa.selenium.remote.http.AbstractHttpResponseCodec.decode(AbstractHttpResponseCodec.java:44)
	at org.openqa.selenium.remote.HttpCommandExecutor.execute(HttpCommandExecutor.java:158)
	at org.openqa.selenium.remote.RemoteWebDriver.execute(RemoteWebDriver.java:543)
	at org.openqa.selenium.remote.RemoteWebDriver.execute(RemoteWebDriver.java:600)
	at org.openqa.selenium.remote.RemoteWebDriver.getTitle(RemoteWebDriver.java:275)
	at com.browserstack.suite.SuiteTest06.test_06(SuiteTest06.java:19)
	at java.base/java.util.concurrent.ThreadPoolExecutor.runWorker(ThreadPoolExecutor.java:1136)
	at java.base/java.util.concurrent.ThreadPoolExecutor$Worker.run(ThreadPoolExecutor.java:635)
	at java.base/java.lang.Thread.run(Thread.java:833)
... Removed 11 stack frames]]>
    </failure>
  </testcase> <!-- test_06 -->
  <testcase classname="com.browserstack.suite.SuiteTest07" name="test_07" time="105.338">
    <failure type="org.openqa.selenium.WebDriverException" message="Error communicating with the remote browser. It may have died.
Build info: version: &amp;apos;2.52.0&amp;apos;, revision: &amp;apos;4c2593c&amp;apos;, time: &amp;apos;2016-02-11 19:06:42&amp;apos;
System info: host: &amp;apos;mac-10-144-208-51.browserstack.com&amp;apos;, ip: &amp;apos;10.144.208.51&amp;apos;, os.name: &amp;apos;Mac OS X&amp;apos;, os.arch: &amp;apos;x86_64&amp;apos;, os.version: &amp;apos;10.9.5&amp;apos;, java.version: &amp;apos;1.8.0_51&amp;apos;
Driver info: driver.version: EventFiringWebDriver
Capabilities [{browserName=safari, takesScreenshot=true, javascriptEnabled=true, version=7.1.8, cssSelectorsEnabled=true, platform=MAC, secureSsl=true}]
Session ID: null (WARNING: The server did not provide any stacktrace information)
Command duration or timeout: 0 milliseconds
Build info: version: &amp;apos;3.12.0&amp;apos;, revision: &amp;apos;7c6e0b3&amp;apos;, time: &amp;apos;2018-05-08T14:04:26.12Z&amp;apos;
System info: host: &amp;apos;Eoins-MacBook-Pro.local&amp;apos;, ip: &amp;apos;fe80:0:0:0:10ca:dd1:f9f8:be54%en0&amp;apos;, os.name: &amp;apos;Mac OS X&amp;apos;, os.arch: &amp;apos;x86_64&amp;apos;, os.version: &amp;apos;11.4&amp;apos;, java.version: &amp;apos;18.0.1.1&amp;apos;
Driver info: org.openqa.selenium.remote.RemoteWebDriver
Capabilities {browserName: safari, cssSelectorsEnabled: true, javascriptEnabled: true, platform: MAC, platformName: MAC, secureSsl: true, takesScreenshot: true, version: 7.1.8, webdriver.remote.sessionid: df7a3d35acf9516131b185a8cb4...}
Session ID: df7a3d35acf9516131b185a8cb4c108b6b2b7a7f">
      <![CDATA[org.openqa.selenium.WebDriverException: Error communicating with the remote browser. It may have died.
Build info: version: '2.52.0', revision: '4c2593c', time: '2016-02-11 19:06:42'
System info: host: 'mac-10-144-208-51.browserstack.com', ip: '10.144.208.51', os.name: 'Mac OS X', os.arch: 'x86_64', os.version: '10.9.5', java.version: '1.8.0_51'
Driver info: driver.version: EventFiringWebDriver
Capabilities [{browserName=safari, takesScreenshot=true, javascriptEnabled=true, version=7.1.8, cssSelectorsEnabled=true, platform=MAC, secureSsl=true}]
Session ID: null (WARNING: The server did not provide any stacktrace information)
Command duration or timeout: 0 milliseconds
Build info: version: '3.12.0', revision: '7c6e0b3', time: '2018-05-08T14:04:26.12Z'
System info: host: 'Eoins-MacBook-Pro.local', ip: 'fe80:0:0:0:10ca:dd1:f9f8:be54%en0', os.name: 'Mac OS X', os.arch: 'x86_64', os.version: '11.4', java.version: '18.0.1.1'
Driver info: org.openqa.selenium.remote.RemoteWebDriver
Capabilities {browserName: safari, cssSelectorsEnabled: true, javascriptEnabled: true, platform: MAC, platformName: MAC, secureSsl: true, takesScreenshot: true, version: 7.1.8, webdriver.remote.sessionid: df7a3d35acf9516131b185a8cb4...}
Session ID: df7a3d35acf9516131b185a8cb4c108b6b2b7a7f
	at org.openqa.selenium.remote.ErrorHandler.createThrowable(ErrorHandler.java:214)
	at org.openqa.selenium.remote.ErrorHandler.throwIfResponseFailed(ErrorHandler.java:166)
	at org.openqa.selenium.remote.http.JsonHttpResponseCodec.reconstructValue(JsonHttpResponseCodec.java:40)
	at org.openqa.selenium.remote.http.AbstractHttpResponseCodec.decode(AbstractHttpResponseCodec.java:80)
	at org.openqa.selenium.remote.http.AbstractHttpResponseCodec.decode(AbstractHttpResponseCodec.java:44)
	at org.openqa.selenium.remote.HttpCommandExecutor.execute(HttpCommandExecutor.java:158)
	at org.openqa.selenium.remote.RemoteWebDriver.execute(RemoteWebDriver.java:543)
	at org.openqa.selenium.remote.RemoteWebDriver.execute(RemoteWebDriver.java:600)
	at org.openqa.selenium.remote.RemoteWebDriver.getTitle(RemoteWebDriver.java:275)
	at com.browserstack.suite.SuiteTest07.test_07(SuiteTest07.java:19)
	at java.base/java.util.concurrent.ThreadPoolExecutor.runWorker(ThreadPoolExecutor.java:1136)
	at java.base/java.util.concurrent.ThreadPoolExecutor$Worker.run(ThreadPoolExecutor.java:635)
	at java.base/java.lang.Thread.run(Thread.java:833)
... Removed 11 stack frames]]>
    </failure>
  </testcase> <!-- test_07 -->
  <testcase classname="com.browserstack.suite.SuiteTest08" name="test_08" time="108.609">
    <failure type="org.openqa.selenium.WebDriverException" message="Error communicating with the remote browser. It may have died.
Build info: version: &amp;apos;2.52.0&amp;apos;, revision: &amp;apos;4c2593c&amp;apos;, time: &amp;apos;2016-02-11 19:06:42&amp;apos;
System info: host: &amp;apos;mac-10-144-208-197.browserstack.com&amp;apos;, ip: &amp;apos;10.144.208.197&amp;apos;, os.name: &amp;apos;Mac OS X&amp;apos;, os.arch: &amp;apos;x86_64&amp;apos;, os.version: &amp;apos;10.9.5&amp;apos;, java.version: &amp;apos;1.8.0_51&amp;apos;
Driver info: driver.version: EventFiringWebDriver
Capabilities [{browserName=safari, takesScreenshot=true, javascriptEnabled=true, version=7.1.8, cssSelectorsEnabled=true, platform=MAC, secureSsl=true}]
Session ID: null (WARNING: The server did not provide any stacktrace information)
Command duration or timeout: 0 milliseconds
Build info: version: &amp;apos;3.12.0&amp;apos;, revision: &amp;apos;7c6e0b3&amp;apos;, time: &amp;apos;2018-05-08T14:04:26.12Z&amp;apos;
System info: host: &amp;apos;Eoins-MacBook-Pro.local&amp;apos;, ip: &amp;apos;fe80:0:0:0:10ca:dd1:f9f8:be54%en0&amp;apos;, os.name: &amp;apos;Mac OS X&amp;apos;, os.arch: &amp;apos;x86_64&amp;apos;, os.version: &amp;apos;11.4&amp;apos;, java.version: &amp;apos;18.0.1.1&amp;apos;
Driver info: org.openqa.selenium.remote.RemoteWebDriver
Capabilities {browserName: safari, cssSelectorsEnabled: true, javascriptEnabled: true, platform: MAC, platformName: MAC, secureSsl: true, takesScreenshot: true, version: 7.1.8, webdriver.remote.sessionid: fde13866f0e95a6c1d0b8678747...}
Session ID: fde13866f0e95a6c1d0b8678747ae075def45847">
      <![CDATA[org.openqa.selenium.WebDriverException: Error communicating with the remote browser. It may have died.
Build info: version: '2.52.0', revision: '4c2593c', time: '2016-02-11 19:06:42'
System info: host: 'mac-10-144-208-197.browserstack.com', ip: '10.144.208.197', os.name: 'Mac OS X', os.arch: 'x86_64', os.version: '10.9.5', java.version: '1.8.0_51'
Driver info: driver.version: EventFiringWebDriver
Capabilities [{browserName=safari, takesScreenshot=true, javascriptEnabled=true, version=7.1.8, cssSelectorsEnabled=true, platform=MAC, secureSsl=true}]
Session ID: null (WARNING: The server did not provide any stacktrace information)
Command duration or timeout: 0 milliseconds
Build info: version: '3.12.0', revision: '7c6e0b3', time: '2018-05-08T14:04:26.12Z'
System info: host: 'Eoins-MacBook-Pro.local', ip: 'fe80:0:0:0:10ca:dd1:f9f8:be54%en0', os.name: 'Mac OS X', os.arch: 'x86_64', os.version: '11.4', java.version: '18.0.1.1'
Driver info: org.openqa.selenium.remote.RemoteWebDriver
Capabilities {browserName: safari, cssSelectorsEnabled: true, javascriptEnabled: true, platform: MAC, platformName: MAC, secureSsl: true, takesScreenshot: true, version: 7.1.8, webdriver.remote.sessionid: fde13866f0e95a6c1d0b8678747...}
Session ID: fde13866f0e95a6c1d0b8678747ae075def45847
	at org.openqa.selenium.remote.ErrorHandler.createThrowable(ErrorHandler.java:214)
	at org.openqa.selenium.remote.ErrorHandler.throwIfResponseFailed(ErrorHandler.java:166)
	at org.openqa.selenium.remote.http.JsonHttpResponseCodec.reconstructValue(JsonHttpResponseCodec.java:40)
	at org.openqa.selenium.remote.http.AbstractHttpResponseCodec.decode(AbstractHttpResponseCodec.java:80)
	at org.openqa.selenium.remote.http.AbstractHttpResponseCodec.decode(AbstractHttpResponseCodec.java:44)
	at org.openqa.selenium.remote.HttpCommandExecutor.execute(HttpCommandExecutor.java:158)
	at org.openqa.selenium.remote.RemoteWebDriver.execute(RemoteWebDriver.java:543)
	at org.openqa.selenium.remote.RemoteWebDriver.execute(RemoteWebDriver.java:600)
	at org.openqa.selenium.remote.RemoteWebDriver.getTitle(RemoteWebDriver.java:275)
	at com.browserstack.suite.SuiteTest08.test_08(SuiteTest08.java:19)
	at java.base/java.util.concurrent.ThreadPoolExecutor.runWorker(ThreadPoolExecutor.java:1136)
	at java.base/java.util.concurrent.ThreadPoolExecutor$Worker.run(ThreadPoolExecutor.java:635)
	at java.base/java.lang.Thread.run(Thread.java:833)
... Removed 11 stack frames]]>
    </failure>
  </testcase> <!-- test_08 -->
  <testcase classname="com.browserstack.suite.SuiteTest09" name="test_09" time="90.882">
    <failure type="org.openqa.selenium.WebDriverException" message="Error communicating with the remote browser. It may have died.
Build info: version: &amp;apos;2.52.0&amp;apos;, revision: &amp;apos;4c2593c&amp;apos;, time: &amp;apos;2016-02-11 19:06:42&amp;apos;
System info: host: &amp;apos;mac-10-144-208-212.browserstack.com&amp;apos;, ip: &amp;apos;10.144.208.212&amp;apos;, os.name: &amp;apos;Mac OS X&amp;apos;, os.arch: &amp;apos;x86_64&amp;apos;, os.version: &amp;apos;10.9.5&amp;apos;, java.version: &amp;apos;1.8.0_51&amp;apos;
Driver info: driver.version: EventFiringWebDriver
Capabilities [{browserName=safari, takesScreenshot=true, javascriptEnabled=true, version=7.1.8, cssSelectorsEnabled=true, platform=MAC, secureSsl=true}]
Session ID: null (WARNING: The server did not provide any stacktrace information)
Command duration or timeout: 0 milliseconds
Build info: version: &amp;apos;3.12.0&amp;apos;, revision: &amp;apos;7c6e0b3&amp;apos;, time: &amp;apos;2018-05-08T14:04:26.12Z&amp;apos;
System info: host: &amp;apos;Eoins-MacBook-Pro.local&amp;apos;, ip: &amp;apos;fe80:0:0:0:10ca:dd1:f9f8:be54%en0&amp;apos;, os.name: &amp;apos;Mac OS X&amp;apos;, os.arch: &amp;apos;x86_64&amp;apos;, os.version: &amp;apos;11.4&amp;apos;, java.version: &amp;apos;18.0.1.1&amp;apos;
Driver info: org.openqa.selenium.remote.RemoteWebDriver
Capabilities {browserName: safari, cssSelectorsEnabled: true, javascriptEnabled: true, platform: MAC, platformName: MAC, secureSsl: true, takesScreenshot: true, version: 7.1.8, webdriver.remote.sessionid: b2d3b7ef7a61a7f95a44a663e29...}
Session ID: b2d3b7ef7a61a7f95a44a663e29fd21c8254ebc6">
      <![CDATA[org.openqa.selenium.WebDriverException: Error communicating with the remote browser. It may have died.
Build info: version: '2.52.0', revision: '4c2593c', time: '2016-02-11 19:06:42'
System info: host: 'mac-10-144-208-212.browserstack.com', ip: '10.144.208.212', os.name: 'Mac OS X', os.arch: 'x86_64', os.version: '10.9.5', java.version: '1.8.0_51'
Driver info: driver.version: EventFiringWebDriver
Capabilities [{browserName=safari, takesScreenshot=true, javascriptEnabled=true, version=7.1.8, cssSelectorsEnabled=true, platform=MAC, secureSsl=true}]
Session ID: null (WARNING: The server did not provide any stacktrace information)
Command duration or timeout: 0 milliseconds
Build info: version: '3.12.0', revision: '7c6e0b3', time: '2018-05-08T14:04:26.12Z'
System info: host: 'Eoins-MacBook-Pro.local', ip: 'fe80:0:0:0:10ca:dd1:f9f8:be54%en0', os.name: 'Mac OS X', os.arch: 'x86_64', os.version: '11.4', java.version: '18.0.1.1'
Driver info: org.openqa.selenium.remote.RemoteWebDriver
Capabilities {browserName: safari, cssSelectorsEnabled: true, javascriptEnabled: true, platform: MAC, platformName: MAC, secureSsl: true, takesScreenshot: true, version: 7.1.8, webdriver.remote.sessionid: b2d3b7ef7a61a7f95a44a663e29...}
Session ID: b2d3b7ef7a61a7f95a44a663e29fd21c8254ebc6
	at org.openqa.selenium.remote.ErrorHandler.createThrowable(ErrorHandler.java:214)
	at org.openqa.selenium.remote.ErrorHandler.throwIfResponseFailed(ErrorHandler.java:166)
	at org.openqa.selenium.remote.http.JsonHttpResponseCodec.reconstructValue(JsonHttpResponseCodec.java:40)
	at org.openqa.selenium.remote.http.AbstractHttpResponseCodec.decode(AbstractHttpResponseCodec.java:80)
	at org.openqa.selenium.remote.http.AbstractHttpResponseCodec.decode(AbstractHttpResponseCodec.java:44)
	at org.openqa.selenium.remote.HttpCommandExecutor.execute(HttpCommandExecutor.java:158)
	at org.openqa.selenium.remote.RemoteWebDriver.execute(RemoteWebDriver.java:543)
	at org.openqa.selenium.remote.RemoteWebDriver.execute(RemoteWebDriver.java:600)
	at org.openqa.selenium.remote.RemoteWebDriver.getTitle(RemoteWebDriver.java:275)
	at com.browserstack.suite.SuiteTest09.test_09(SuiteTest09.java:19)
	at java.base/java.util.concurrent.ThreadPoolExecutor.runWorker(ThreadPoolExecutor.java:1136)
	at java.base/java.util.concurrent.ThreadPoolExecutor$Worker.run(ThreadPoolExecutor.java:635)
	at java.base/java.lang.Thread.run(Thread.java:833)
... Removed 11 stack frames]]>
    </failure>
  </testcase> <!-- test_09 -->
  <testcase classname="com.browserstack.suite.SuiteTest10" name="test_10" time="0.0">
    <skipped/>
  </testcase> <!-- test_10 -->
</testsuite> <!-- PoolTestSafari -->
